<?xml version="1.0" encoding="UTF-8"?>
<!-- Generated by org.testng.reporters.JUnitReportReporter -->
<testsuite hostname="Airs-Air" failures="0" tests="1" name="hrmTest.Assertion" time="7.544" errors="0" timestamp="2022-09-21T21:58:55 EDT" skipped="0">
  <testcase classname="hrmTest.Assertion" name="loginHRM" time="7.544"/>
  <system-out/>
</testsuite> <!-- hrmTest.Assertion -->
