<?xml version="1.0" encoding="UTF-8"?>
<!-- Generated by org.testng.reporters.JUnitReportReporter -->
<testsuite hostname="Airs-Air" failures="0" tests="3" name="hrmTest.Login" time="20.605" errors="0" timestamp="2022-09-24T20:30:37 EDT" skipped="0">
  <testcase classname="hrmTest.Login" name="loginHRM" time="6.340"/>
  <system-out/>
  <testcase classname="hrmTest.Login" name="loginHRM" time="8.140"/>
  <system-out/>
  <testcase classname="hrmTest.Login" name="loginHRM" time="6.125"/>
  <system-out/>
</testsuite> <!-- hrmTest.Login -->
