<?xml version="1.0" encoding="UTF-8"?>
<!-- Generated by org.testng.reporters.JUnitReportReporter -->
<testsuite hostname="Airs-Air" failures="0" tests="1" name="bongodeshi.LoginTest" time="9.836" errors="0" timestamp="2022-09-21T22:17:29 EDT" skipped="0">
  <testcase classname="bongodeshi.LoginTest" name="bdLogin" time="9.836"/>
  <system-out/>
</testsuite> <!-- bongodeshi.LoginTest -->
