<?xml version="1.0" encoding="UTF-8"?>
<!-- Generated by org.testng.reporters.JUnitReportReporter -->
<testsuite skipped="0" hostname="Airs-Air" name="hrmTest.Login" tests="2" failures="0" timestamp="2022-09-19T20:59:44 EDT" time="14.327" errors="0">
  <testcase name="loginHRM" time="7.157" classname="hrmTest.Login"/>
  <system-out/>
  <testcase name="loginHRM" time="7.170" classname="hrmTest.Login"/>
  <system-out/>
</testsuite> <!-- hrmTest.Login -->
