<?xml version="1.0" encoding="UTF-8"?>
<!-- Generated by org.testng.reporters.JUnitReportReporter -->
<testsuite skipped="0" hostname="Airs-Air" name="bongodeshi.LoginTest" tests="1" failures="0" timestamp="2022-09-24T20:39:54 EDT" time="11.089" errors="0">
  <testcase name="bdLogin" time="11.089" classname="bongodeshi.LoginTest"/>
  <system-out/>
</testsuite> <!-- bongodeshi.LoginTest -->
